<?xml version="1.0" encoding="UTF-8"?>
<!-- Generated by org.testng.reporters.JUnitReportReporter -->
<testsuite hostname="DESKTOP-7OR3KJU" failures="0" tests="1" name="test.OAuth" time="4.917" errors="0" timestamp="2022-10-09T22:36:54 IST" skipped="0">
  <testcase classname="test.OAuth" name="oauthToken" time="4.917"/>
  <system-out/>
</testsuite> <!-- test.OAuth -->
