<?xml version="1.0" encoding="UTF-8"?>
<!-- Generated by org.testng.reporters.JUnitReportReporter -->
<testsuite hostname="DESKTOP-7OR3KJU" failures="0" tests="1" name="test.OAuth" time="5.033" errors="0" timestamp="2022-10-15T21:55:47 IST" skipped="0">
  <testcase classname="test.OAuth" name="oauthToken" time="5.033"/>
  <system-out/>
</testsuite> <!-- test.OAuth -->
